D:\Microsoft\VisualStudio\2022\Community\MSBuild\Microsoft\VC\v170\Microsoft.CppBuild.targets(514,5): warning MSB8028: The intermediate directory (x64\Debug\) contains files shared from another project (Space Shooter.vcxproj).  This can lead to incorrect clean and rebuild behavior.
  stage.c
D:\Github\SpaceShooter\stage.c(289,22): warning C4244: 'function': conversion from 'float' to 'int', possible loss of data
D:\Github\SpaceShooter\stage.c(289,51): warning C4244: 'function': conversion from 'float' to 'int', possible loss of data
D:\Github\SpaceShooter\stage.c(289,71): warning C4244: 'function': conversion from 'float' to 'int', possible loss of data
D:\Github\SpaceShooter\stage.c(289,77): warning C4244: 'function': conversion from 'float' to 'int', possible loss of data
D:\Github\SpaceShooter\stage.c(369,40): warning C4244: 'function': conversion from 'float' to 'int', possible loss of data
D:\Github\SpaceShooter\stage.c(369,46): warning C4244: 'function': conversion from 'float' to 'int', possible loss of data
D:\Github\SpaceShooter\stage.c(369,64): warning C4244: 'function': conversion from 'float' to 'int', possible loss of data
D:\Github\SpaceShooter\stage.c(369,70): warning C4244: 'function': conversion from 'float' to 'int', possible loss of data
D:\Github\SpaceShooter\stage.c(374,19): warning C4244: 'function': conversion from 'float' to 'int', possible loss of data
D:\Github\SpaceShooter\stage.c(374,25): warning C4244: 'function': conversion from 'float' to 'int', possible loss of data
D:\Github\SpaceShooter\stage.c(406,21): warning C4244: '=': conversion from 'int' to 'float', possible loss of data
D:\Github\SpaceShooter\stage.c(410,15): warning C4244: '=': conversion from 'int' to 'float', possible loss of data
D:\Github\SpaceShooter\stage.c(442,30): warning C4244: '=': conversion from 'int' to 'float', possible loss of data
D:\Github\SpaceShooter\stage.c(516,28): warning C4244: '=': conversion from 'int' to 'float', possible loss of data
D:\Github\SpaceShooter\stage.c(517,28): warning C4244: '=': conversion from 'int' to 'float', possible loss of data
D:\Github\SpaceShooter\stage.c(518,25): warning C4244: '=': conversion from 'int' to 'float', possible loss of data
D:\Github\SpaceShooter\stage.c(519,25): warning C4244: '=': conversion from 'int' to 'float', possible loss of data
D:\Github\SpaceShooter\stage.c(570,25): warning C4244: '=': conversion from 'int' to 'float', possible loss of data
D:\Github\SpaceShooter\stage.c(571,12): warning C4244: '=': conversion from 'int' to 'float', possible loss of data
D:\Github\SpaceShooter\stage.c(605,21): warning C4244: 'function': conversion from 'float' to 'int', possible loss of data
D:\Github\SpaceShooter\stage.c(605,27): warning C4244: 'function': conversion from 'float' to 'int', possible loss of data
D:\Github\SpaceShooter\stage.c(615,21): warning C4244: 'function': conversion from 'float' to 'int', possible loss of data
D:\Github\SpaceShooter\stage.c(615,27): warning C4244: 'function': conversion from 'float' to 'int', possible loss of data
D:\Github\SpaceShooter\stage.c(655,35): warning C4244: 'function': conversion from 'float' to 'int', possible loss of data
D:\Github\SpaceShooter\stage.c(655,41): warning C4244: 'function': conversion from 'float' to 'int', possible loss of data
D:\Github\SpaceShooter\stage.c(671,27): warning C4244: 'function': conversion from 'float' to 'int', possible loss of data
D:\Github\SpaceShooter\stage.c(671,33): warning C4244: 'function': conversion from 'float' to 'int', possible loss of data
  Space Shooter.vcxproj -> D:\Github\SpaceShooter\x64\Debug\Space_Shooter.exe
